<?xml version="1.0" encoding="UTF-8"?>
<testsuite name="pl.wpulik.gender_recognizer.service.GenderServiceTest" tests="2" skipped="0" failures="0" errors="0" timestamp="2021-03-03T09:54:24" hostname="LAPTOP-5H2A1D6I" time="0.073">
  <properties/>
  <testcase name="allGenderTokensExceptionTest()" classname="pl.wpulik.gender_recognizer.service.GenderServiceTest" time="0.023"/>
  <testcase name="allGenderTokensTest()" classname="pl.wpulik.gender_recognizer.service.GenderServiceTest" time="0.048"/>
  <system-out><![CDATA[2021-03-03 10:54:24.764  INFO 6372 --- [    Test worker] .b.t.c.SpringBootTestContextBootstrapper : Neither @ContextConfiguration nor @ContextHierarchy found for test class [pl.wpulik.gender_recognizer.service.GenderServiceTest], using SpringBootContextLoader
2021-03-03 10:54:24.794  INFO 6372 --- [    Test worker] o.s.t.c.support.AbstractContextLoader    : Could not detect default resource locations for test class [pl.wpulik.gender_recognizer.service.GenderServiceTest]: no resource found for suffixes {-context.xml, Context.groovy}.
2021-03-03 10:54:24.819  INFO 6372 --- [    Test worker] t.c.s.AnnotationConfigContextLoaderUtils : Could not detect default configuration classes for test class [pl.wpulik.gender_recognizer.service.GenderServiceTest]: GenderServiceTest does not declare any static, non-private, non-final, nested classes annotated with @Configuration.
2021-03-03 10:54:24.824  INFO 6372 --- [    Test worker] .b.t.c.SpringBootTestContextBootstrapper : Found @SpringBootConfiguration pl.wpulik.gender_recognizer.NameGenderApplication for test class pl.wpulik.gender_recognizer.service.GenderServiceTest
2021-03-03 10:54:24.887  INFO 6372 --- [    Test worker] .b.t.c.SpringBootTestContextBootstrapper : Loaded default TestExecutionListener class names from location [META-INF/spring.factories]: [org.springframework.boot.test.autoconfigure.restdocs.RestDocsTestExecutionListener, org.springframework.boot.test.autoconfigure.web.client.MockRestServiceServerResetTestExecutionListener, org.springframework.boot.test.autoconfigure.web.servlet.MockMvcPrintOnlyOnFailureTestExecutionListener, org.springframework.boot.test.autoconfigure.web.servlet.WebDriverTestExecutionListener, org.springframework.boot.test.autoconfigure.webservices.client.MockWebServiceServerTestExecutionListener, org.springframework.boot.test.mock.mockito.MockitoTestExecutionListener, org.springframework.boot.test.mock.mockito.ResetMocksTestExecutionListener, org.springframework.test.context.web.ServletTestExecutionListener, org.springframework.test.context.support.DirtiesContextBeforeModesTestExecutionListener, org.springframework.test.context.event.ApplicationEventsTestExecutionListener, org.springframework.test.context.support.DependencyInjectionTestExecutionListener, org.springframework.test.context.support.DirtiesContextTestExecutionListener, org.springframework.test.context.transaction.TransactionalTestExecutionListener, org.springframework.test.context.jdbc.SqlScriptsTestExecutionListener, org.springframework.test.context.event.EventPublishingTestExecutionListener]
2021-03-03 10:54:24.901  INFO 6372 --- [    Test worker] .b.t.c.SpringBootTestContextBootstrapper : Using TestExecutionListeners: [org.springframework.test.context.web.ServletTestExecutionListener@253e571c, org.springframework.test.context.support.DirtiesContextBeforeModesTestExecutionListener@3c08d62e, org.springframework.test.context.event.ApplicationEventsTestExecutionListener@38a15ce, org.springframework.boot.test.mock.mockito.MockitoTestExecutionListener@19f5e904, org.springframework.boot.test.autoconfigure.SpringBootDependencyInjectionTestExecutionListener@4e24cb91, org.springframework.test.context.support.DirtiesContextTestExecutionListener@3467cddd, org.springframework.test.context.event.EventPublishingTestExecutionListener@67908afa, org.springframework.boot.test.autoconfigure.restdocs.RestDocsTestExecutionListener@511be2c5, org.springframework.boot.test.autoconfigure.web.client.MockRestServiceServerResetTestExecutionListener@398bc334, org.springframework.boot.test.autoconfigure.web.servlet.MockMvcPrintOnlyOnFailureTestExecutionListener@3388e8fd, org.springframework.boot.test.autoconfigure.web.servlet.WebDriverTestExecutionListener@502c732c, org.springframework.boot.test.autoconfigure.webservices.client.MockWebServiceServerTestExecutionListener@5e2fbe26, org.springframework.boot.test.mock.mockito.ResetMocksTestExecutionListener@39da44b4]
]]></system-out>
  <system-err><![CDATA[]]></system-err>
</testsuite>
