<?xml version="1.0" encoding="UTF-8"?>
<testsuite name="pl.wpulik.gender_recognizer.NameGenderApplicationTests" tests="1" skipped="0" failures="0" errors="0" timestamp="2021-03-03T09:54:23" hostname="LAPTOP-5H2A1D6I" time="0.019">
  <properties/>
  <testcase name="contextLoads()" classname="pl.wpulik.gender_recognizer.NameGenderApplicationTests" time="0.019"/>
  <system-out><![CDATA[2021-03-03 10:54:23.665  INFO 6372 --- [    Test worker] .b.t.c.SpringBootTestContextBootstrapper : Neither @ContextConfiguration nor @ContextHierarchy found for test class [pl.wpulik.gender_recognizer.NameGenderApplicationTests], using SpringBootContextLoader
2021-03-03 10:54:23.671  INFO 6372 --- [    Test worker] o.s.t.c.support.AbstractContextLoader    : Could not detect default resource locations for test class [pl.wpulik.gender_recognizer.NameGenderApplicationTests]: no resource found for suffixes {-context.xml, Context.groovy}.
2021-03-03 10:54:23.674  INFO 6372 --- [    Test worker] t.c.s.AnnotationConfigContextLoaderUtils : Could not detect default configuration classes for test class [pl.wpulik.gender_recognizer.NameGenderApplicationTests]: NameGenderApplicationTests does not declare any static, non-private, non-final, nested classes annotated with @Configuration.
2021-03-03 10:54:23.802  INFO 6372 --- [    Test worker] .b.t.c.SpringBootTestContextBootstrapper : Found @SpringBootConfiguration pl.wpulik.gender_recognizer.NameGenderApplication for test class pl.wpulik.gender_recognizer.NameGenderApplicationTests
2021-03-03 10:54:23.812  INFO 6372 --- [    Test worker] .b.t.c.SpringBootTestContextBootstrapper : Loaded default TestExecutionListener class names from location [META-INF/spring.factories]: [org.springframework.boot.test.autoconfigure.restdocs.RestDocsTestExecutionListener, org.springframework.boot.test.autoconfigure.web.client.MockRestServiceServerResetTestExecutionListener, org.springframework.boot.test.autoconfigure.web.servlet.MockMvcPrintOnlyOnFailureTestExecutionListener, org.springframework.boot.test.autoconfigure.web.servlet.WebDriverTestExecutionListener, org.springframework.boot.test.autoconfigure.webservices.client.MockWebServiceServerTestExecutionListener, org.springframework.boot.test.mock.mockito.MockitoTestExecutionListener, org.springframework.boot.test.mock.mockito.ResetMocksTestExecutionListener, org.springframework.test.context.web.ServletTestExecutionListener, org.springframework.test.context.support.DirtiesContextBeforeModesTestExecutionListener, org.springframework.test.context.event.ApplicationEventsTestExecutionListener, org.springframework.test.context.support.DependencyInjectionTestExecutionListener, org.springframework.test.context.support.DirtiesContextTestExecutionListener, org.springframework.test.context.transaction.TransactionalTestExecutionListener, org.springframework.test.context.jdbc.SqlScriptsTestExecutionListener, org.springframework.test.context.event.EventPublishingTestExecutionListener]
2021-03-03 10:54:23.821  INFO 6372 --- [    Test worker] .b.t.c.SpringBootTestContextBootstrapper : Using TestExecutionListeners: [org.springframework.test.context.web.ServletTestExecutionListener@136c9fb5, org.springframework.test.context.support.DirtiesContextBeforeModesTestExecutionListener@259c3844, org.springframework.test.context.event.ApplicationEventsTestExecutionListener@370a6bae, org.springframework.boot.test.mock.mockito.MockitoTestExecutionListener@49ef6a47, org.springframework.boot.test.autoconfigure.SpringBootDependencyInjectionTestExecutionListener@3e89c5f8, org.springframework.test.context.support.DirtiesContextTestExecutionListener@7a139475, org.springframework.test.context.event.EventPublishingTestExecutionListener@1ea0d782, org.springframework.boot.test.autoconfigure.restdocs.RestDocsTestExecutionListener@2c2f2b43, org.springframework.boot.test.autoconfigure.web.client.MockRestServiceServerResetTestExecutionListener@5c799d3b, org.springframework.boot.test.autoconfigure.web.servlet.MockMvcPrintOnlyOnFailureTestExecutionListener@3a2f1afd, org.springframework.boot.test.autoconfigure.web.servlet.WebDriverTestExecutionListener@22abd6fd, org.springframework.boot.test.autoconfigure.webservices.client.MockWebServiceServerTestExecutionListener@770b94d8, org.springframework.boot.test.mock.mockito.ResetMocksTestExecutionListener@670b5f47]
]]></system-out>
  <system-err><![CDATA[]]></system-err>
</testsuite>
