<?xml version="1.0" encoding="UTF-8"?>
<testsuite name="pl.wpulik.gender_recognizer.service.FirstTokenRecognizerTest" tests="2" skipped="0" failures="0" errors="0" timestamp="2021-03-03T09:54:24" hostname="LAPTOP-5H2A1D6I" time="0.243">
  <properties/>
  <testcase name="genderGuessingTest()" classname="pl.wpulik.gender_recognizer.service.FirstTokenRecognizerTest" time="0.069"/>
  <testcase name="instanceTest()" classname="pl.wpulik.gender_recognizer.service.FirstTokenRecognizerTest" time="0.06"/>
  <system-out><![CDATA[2021-03-03 10:54:24.325  INFO 6372 --- [    Test worker] .b.t.c.SpringBootTestContextBootstrapper : Neither @ContextConfiguration nor @ContextHierarchy found for test class [pl.wpulik.gender_recognizer.service.FirstTokenRecognizerTest], using SpringBootContextLoader
2021-03-03 10:54:24.342  INFO 6372 --- [    Test worker] o.s.t.c.support.AbstractContextLoader    : Could not detect default resource locations for test class [pl.wpulik.gender_recognizer.service.FirstTokenRecognizerTest]: no resource found for suffixes {-context.xml, Context.groovy}.
2021-03-03 10:54:24.354  INFO 6372 --- [    Test worker] t.c.s.AnnotationConfigContextLoaderUtils : Could not detect default configuration classes for test class [pl.wpulik.gender_recognizer.service.FirstTokenRecognizerTest]: FirstTokenRecognizerTest does not declare any static, non-private, non-final, nested classes annotated with @Configuration.
2021-03-03 10:54:24.421  INFO 6372 --- [    Test worker] .b.t.c.SpringBootTestContextBootstrapper : Found @SpringBootConfiguration pl.wpulik.gender_recognizer.NameGenderApplication for test class pl.wpulik.gender_recognizer.service.FirstTokenRecognizerTest
2021-03-03 10:54:24.429  INFO 6372 --- [    Test worker] .b.t.c.SpringBootTestContextBootstrapper : Loaded default TestExecutionListener class names from location [META-INF/spring.factories]: [org.springframework.boot.test.autoconfigure.restdocs.RestDocsTestExecutionListener, org.springframework.boot.test.autoconfigure.web.client.MockRestServiceServerResetTestExecutionListener, org.springframework.boot.test.autoconfigure.web.servlet.MockMvcPrintOnlyOnFailureTestExecutionListener, org.springframework.boot.test.autoconfigure.web.servlet.WebDriverTestExecutionListener, org.springframework.boot.test.autoconfigure.webservices.client.MockWebServiceServerTestExecutionListener, org.springframework.boot.test.mock.mockito.MockitoTestExecutionListener, org.springframework.boot.test.mock.mockito.ResetMocksTestExecutionListener, org.springframework.test.context.web.ServletTestExecutionListener, org.springframework.test.context.support.DirtiesContextBeforeModesTestExecutionListener, org.springframework.test.context.event.ApplicationEventsTestExecutionListener, org.springframework.test.context.support.DependencyInjectionTestExecutionListener, org.springframework.test.context.support.DirtiesContextTestExecutionListener, org.springframework.test.context.transaction.TransactionalTestExecutionListener, org.springframework.test.context.jdbc.SqlScriptsTestExecutionListener, org.springframework.test.context.event.EventPublishingTestExecutionListener]
2021-03-03 10:54:24.439  INFO 6372 --- [    Test worker] .b.t.c.SpringBootTestContextBootstrapper : Using TestExecutionListeners: [org.springframework.test.context.web.ServletTestExecutionListener@2db0893f, org.springframework.test.context.support.DirtiesContextBeforeModesTestExecutionListener@c47254b, org.springframework.test.context.event.ApplicationEventsTestExecutionListener@5aab5468, org.springframework.boot.test.mock.mockito.MockitoTestExecutionListener@7aaf5af2, org.springframework.boot.test.autoconfigure.SpringBootDependencyInjectionTestExecutionListener@537fcde9, org.springframework.test.context.support.DirtiesContextTestExecutionListener@6627c7b0, org.springframework.test.context.event.EventPublishingTestExecutionListener@66afc708, org.springframework.boot.test.autoconfigure.restdocs.RestDocsTestExecutionListener@665779e5, org.springframework.boot.test.autoconfigure.web.client.MockRestServiceServerResetTestExecutionListener@4b6af043, org.springframework.boot.test.autoconfigure.web.servlet.MockMvcPrintOnlyOnFailureTestExecutionListener@13a8b4d9, org.springframework.boot.test.autoconfigure.web.servlet.WebDriverTestExecutionListener@b27a623, org.springframework.boot.test.autoconfigure.webservices.client.MockWebServiceServerTestExecutionListener@56e26ef3, org.springframework.boot.test.mock.mockito.ResetMocksTestExecutionListener@4a966484]
]]></system-out>
  <system-err><![CDATA[]]></system-err>
</testsuite>
