<?xml version="1.0" encoding="UTF-8"?>
<testsuite name="pl.wpulik.gender_recognizer.service.AllTokenRecognizerTest" tests="2" skipped="0" failures="0" errors="0" timestamp="2021-03-03T09:54:24" hostname="LAPTOP-5H2A1D6I" time="0.243">
  <properties/>
  <testcase name="genderGuessingTest()" classname="pl.wpulik.gender_recognizer.service.AllTokenRecognizerTest" time="0.19"/>
  <testcase name="instanceTest()" classname="pl.wpulik.gender_recognizer.service.AllTokenRecognizerTest" time="0.05"/>
  <system-out><![CDATA[2021-03-03 10:54:23.955  INFO 6372 --- [    Test worker] .b.t.c.SpringBootTestContextBootstrapper : Neither @ContextConfiguration nor @ContextHierarchy found for test class [pl.wpulik.gender_recognizer.service.AllTokenRecognizerTest], using SpringBootContextLoader
2021-03-03 10:54:23.958  INFO 6372 --- [    Test worker] o.s.t.c.support.AbstractContextLoader    : Could not detect default resource locations for test class [pl.wpulik.gender_recognizer.service.AllTokenRecognizerTest]: no resource found for suffixes {-context.xml, Context.groovy}.
2021-03-03 10:54:23.961  INFO 6372 --- [    Test worker] t.c.s.AnnotationConfigContextLoaderUtils : Could not detect default configuration classes for test class [pl.wpulik.gender_recognizer.service.AllTokenRecognizerTest]: AllTokenRecognizerTest does not declare any static, non-private, non-final, nested classes annotated with @Configuration.
2021-03-03 10:54:24.022  INFO 6372 --- [    Test worker] .b.t.c.SpringBootTestContextBootstrapper : Found @SpringBootConfiguration pl.wpulik.gender_recognizer.NameGenderApplication for test class pl.wpulik.gender_recognizer.service.AllTokenRecognizerTest
2021-03-03 10:54:24.032  INFO 6372 --- [    Test worker] .b.t.c.SpringBootTestContextBootstrapper : Loaded default TestExecutionListener class names from location [META-INF/spring.factories]: [org.springframework.boot.test.autoconfigure.restdocs.RestDocsTestExecutionListener, org.springframework.boot.test.autoconfigure.web.client.MockRestServiceServerResetTestExecutionListener, org.springframework.boot.test.autoconfigure.web.servlet.MockMvcPrintOnlyOnFailureTestExecutionListener, org.springframework.boot.test.autoconfigure.web.servlet.WebDriverTestExecutionListener, org.springframework.boot.test.autoconfigure.webservices.client.MockWebServiceServerTestExecutionListener, org.springframework.boot.test.mock.mockito.MockitoTestExecutionListener, org.springframework.boot.test.mock.mockito.ResetMocksTestExecutionListener, org.springframework.test.context.web.ServletTestExecutionListener, org.springframework.test.context.support.DirtiesContextBeforeModesTestExecutionListener, org.springframework.test.context.event.ApplicationEventsTestExecutionListener, org.springframework.test.context.support.DependencyInjectionTestExecutionListener, org.springframework.test.context.support.DirtiesContextTestExecutionListener, org.springframework.test.context.transaction.TransactionalTestExecutionListener, org.springframework.test.context.jdbc.SqlScriptsTestExecutionListener, org.springframework.test.context.event.EventPublishingTestExecutionListener]
2021-03-03 10:54:24.036  INFO 6372 --- [    Test worker] .b.t.c.SpringBootTestContextBootstrapper : Using TestExecutionListeners: [org.springframework.test.context.web.ServletTestExecutionListener@253159a9, org.springframework.test.context.support.DirtiesContextBeforeModesTestExecutionListener@59516fcc, org.springframework.test.context.event.ApplicationEventsTestExecutionListener@72578d6a, org.springframework.boot.test.mock.mockito.MockitoTestExecutionListener@4f9b1500, org.springframework.boot.test.autoconfigure.SpringBootDependencyInjectionTestExecutionListener@6048f14b, org.springframework.test.context.support.DirtiesContextTestExecutionListener@3235dd81, org.springframework.test.context.event.EventPublishingTestExecutionListener@7cc73a70, org.springframework.boot.test.autoconfigure.restdocs.RestDocsTestExecutionListener@6b6303fd, org.springframework.boot.test.autoconfigure.web.client.MockRestServiceServerResetTestExecutionListener@4c866573, org.springframework.boot.test.autoconfigure.web.servlet.MockMvcPrintOnlyOnFailureTestExecutionListener@50c360b7, org.springframework.boot.test.autoconfigure.web.servlet.WebDriverTestExecutionListener@1512d465, org.springframework.boot.test.autoconfigure.webservices.client.MockWebServiceServerTestExecutionListener@661d41d1, org.springframework.boot.test.mock.mockito.ResetMocksTestExecutionListener@19cf1d9c]
]]></system-out>
  <system-err><![CDATA[]]></system-err>
</testsuite>
