<?xml version="1.0" encoding="UTF-8"?>
<testsuite name="pl.wpulik.gender_recognizer.datareader.CsvFileReaderTest" tests="2" skipped="0" failures="0" errors="0" timestamp="2021-03-03T09:54:23" hostname="LAPTOP-5H2A1D6I" time="0.102">
  <properties/>
  <testcase name="allGenderTokensTest()" classname="pl.wpulik.gender_recognizer.datareader.CsvFileReaderTest" time="0.078"/>
  <testcase name="isOnListTest()" classname="pl.wpulik.gender_recognizer.datareader.CsvFileReaderTest" time="0.015"/>
  <system-out><![CDATA[2021-03-03 10:54:19.918  INFO 6372 --- [    Test worker] .b.t.c.SpringBootTestContextBootstrapper : Neither @ContextConfiguration nor @ContextHierarchy found for test class [pl.wpulik.gender_recognizer.datareader.CsvFileReaderTest], using SpringBootContextLoader
2021-03-03 10:54:19.921  INFO 6372 --- [    Test worker] o.s.t.c.support.AbstractContextLoader    : Could not detect default resource locations for test class [pl.wpulik.gender_recognizer.datareader.CsvFileReaderTest]: no resource found for suffixes {-context.xml, Context.groovy}.
2021-03-03 10:54:19.923  INFO 6372 --- [    Test worker] t.c.s.AnnotationConfigContextLoaderUtils : Could not detect default configuration classes for test class [pl.wpulik.gender_recognizer.datareader.CsvFileReaderTest]: CsvFileReaderTest does not declare any static, non-private, non-final, nested classes annotated with @Configuration.
2021-03-03 10:54:19.959  INFO 6372 --- [    Test worker] .b.t.c.SpringBootTestContextBootstrapper : Found @SpringBootConfiguration pl.wpulik.gender_recognizer.NameGenderApplication for test class pl.wpulik.gender_recognizer.datareader.CsvFileReaderTest
2021-03-03 10:54:20.008  INFO 6372 --- [    Test worker] .b.t.c.SpringBootTestContextBootstrapper : Loaded default TestExecutionListener class names from location [META-INF/spring.factories]: [org.springframework.boot.test.autoconfigure.restdocs.RestDocsTestExecutionListener, org.springframework.boot.test.autoconfigure.web.client.MockRestServiceServerResetTestExecutionListener, org.springframework.boot.test.autoconfigure.web.servlet.MockMvcPrintOnlyOnFailureTestExecutionListener, org.springframework.boot.test.autoconfigure.web.servlet.WebDriverTestExecutionListener, org.springframework.boot.test.autoconfigure.webservices.client.MockWebServiceServerTestExecutionListener, org.springframework.boot.test.mock.mockito.MockitoTestExecutionListener, org.springframework.boot.test.mock.mockito.ResetMocksTestExecutionListener, org.springframework.test.context.web.ServletTestExecutionListener, org.springframework.test.context.support.DirtiesContextBeforeModesTestExecutionListener, org.springframework.test.context.event.ApplicationEventsTestExecutionListener, org.springframework.test.context.support.DependencyInjectionTestExecutionListener, org.springframework.test.context.support.DirtiesContextTestExecutionListener, org.springframework.test.context.transaction.TransactionalTestExecutionListener, org.springframework.test.context.jdbc.SqlScriptsTestExecutionListener, org.springframework.test.context.event.EventPublishingTestExecutionListener]
2021-03-03 10:54:20.044  INFO 6372 --- [    Test worker] .b.t.c.SpringBootTestContextBootstrapper : Using TestExecutionListeners: [org.springframework.test.context.web.ServletTestExecutionListener@4bcc63bf, org.springframework.test.context.support.DirtiesContextBeforeModesTestExecutionListener@1ba2f5d5, org.springframework.test.context.event.ApplicationEventsTestExecutionListener@2a997efe, org.springframework.boot.test.mock.mockito.MockitoTestExecutionListener@7a11f1d3, org.springframework.boot.test.autoconfigure.SpringBootDependencyInjectionTestExecutionListener@52e8a4b5, org.springframework.test.context.support.DirtiesContextTestExecutionListener@5ee8ef60, org.springframework.test.context.event.EventPublishingTestExecutionListener@3fe714cd, org.springframework.boot.test.autoconfigure.restdocs.RestDocsTestExecutionListener@4a0df58b, org.springframework.boot.test.autoconfigure.web.client.MockRestServiceServerResetTestExecutionListener@5d572d73, org.springframework.boot.test.autoconfigure.web.servlet.MockMvcPrintOnlyOnFailureTestExecutionListener@445d5a56, org.springframework.boot.test.autoconfigure.web.servlet.WebDriverTestExecutionListener@439b7f6c, org.springframework.boot.test.autoconfigure.webservices.client.MockWebServiceServerTestExecutionListener@669f7b39, org.springframework.boot.test.mock.mockito.ResetMocksTestExecutionListener@247ee2c]

  .   ____          _            __ _ _
 /\\ / ___'_ __ _ _(_)_ __  __ _ \ \ \ \
( ( )\___ | '_ | '_| | '_ \/ _` | \ \ \ \
 \\/  ___)| |_)| | | | | || (_| |  ) ) ) )
  '  |____| .__|_| |_|_| |_\__, | / / / /
 =========|_|==============|___/=/_/_/_/
 :: Spring Boot ::                (v2.4.3)

2021-03-03 10:54:20.521  INFO 6372 --- [    Test worker] p.w.g.datareader.CsvFileReaderTest       : Starting CsvFileReaderTest using Java 11.0.6 on LAPTOP-5H2A1D6I with PID 6372 (started by pulaa in C:\Spring Projects\name_gender)
2021-03-03 10:54:20.534  INFO 6372 --- [    Test worker] p.w.g.datareader.CsvFileReaderTest       : No active profile set, falling back to default profiles: default
2021-03-03 10:54:22.704  INFO 6372 --- [    Test worker] o.s.s.concurrent.ThreadPoolTaskExecutor  : Initializing ExecutorService 'applicationTaskExecutor'
2021-03-03 10:54:23.537  INFO 6372 --- [    Test worker] p.w.g.datareader.CsvFileReaderTest       : Started CsvFileReaderTest in 3.471 seconds (JVM running for 21.895)
]]></system-out>
  <system-err><![CDATA[]]></system-err>
</testsuite>
